Time(s)    x(m)   y(m)   vx(m/s)   vy(m/s) 
    0 0 0 65.59066551480608 13.94172633947567
 0.05 3.253234661334922 0.6959720657795527 64.5433135648442 13.89524691081893
  0.1 6.454782608227362 1.389338595079772 63.52303823941581 13.8376005870817
 0.15 9.605974240413332 2.079555321325128 62.52890965254851 13.76934501593697
  0.2 12.70809454745926 2.766105057264319 61.56004085136447 13.6910060938191
 0.25 15.7623851921458 3.448496161602438 60.61558531551088 13.60308010470024
  0.3 18.77004647323822 4.126261108355965 59.69473463073874 13.5060356928147
 0.35 21.73223917599411 4.798955151002853 58.79671632258817 13.4003156840666
  0.4 24.65008631808972 5.466155074199409 57.92079183742241 13.28633876939307
 0.45 27.52467479803783 6.127458026466106 57.06625465920594 13.16450106205244
  0.5 30.35705695261573 6.782480427813349 56.23242855145953 13.03517753964557
 0.55 33.14825202931812 7.430856946792215 55.41866591475882 12.89872338064122
0.6000000000000001 35.89924757938851 8.072239541920094 54.6243462509853 12.75547520424938
 0.65 38.61100077656334 8.70629656285228 53.8488747262983 12.60575222165634
0.7000000000000001 41.28443966627829 9.332711907052241 53.09168082548391 12.44985730589149
 0.75 43.92046434973518 9.951184228059891 52.35221709095772 12.28807798692788
  0.8 46.519948106906 10.56142619177191 51.62995794026159 12.12068737801854
0.8500000000000001 49.08373846225533 11.16316377743465 50.92439855640461 11.94794503873081
  0.9 51.61265819669204 11.75613562031082 50.23505384586226 11.7700977796544
0.9500000000000001 54.10750630901221 12.34009239321876 49.56145745946804 11.58738041332026
    1 56.56905892986698 12.91479622436002 48.90316087181534 11.40001645547161
 1.05 58.99807019107848 13.48002014904877 48.25973251513582 11.20821878047006
  1.1 61.39527305293358 14.03554759313765 47.63075696393772 11.01219023429606
 1.15 63.76138009190653 14.58117188609994 47.01583416697847 10.81212420830944
  1.2 66.09708425109727 15.11669580187979 46.4145787234094 10.60820517666945
 1.25 68.40305955551997 15.64193112576067 45.82661920017298 10.40060920007233
  1.3 70.67996179423609 16.15669824562999 45.25159748795394 10.18950439824445
 1.35 72.92842917119638 16.6608257661342 44.68916819318797 9.975051393429666
  1.4 75.14908292653629 17.15415014432632 44.13899806381754 9.757403726927242
 1.45 77.34252792995795 17.63651534550643 43.60076544665402 9.536708250570983
  1.5 79.50935324772874 18.10777251804602 43.07415977436161 9.313105494888708
 1.55 81.65013268473085 18.56777968607114 42.55888108022182 9.086730015543031
  1.6 83.76542530290793 19.01640145895543 42.05463953896876 8.85771071952791
 1.65 85.85577591737176 19.45350875664546 41.56115503210642 8.626171172479717
  1.7 87.9217155713558 19.87897854990583 41.07815673623098 8.392229888355583
 1.75 89.96376199113138 20.29269361463161 40.60538273298268 8.156000602634618
  1.8 91.98242002193503 20.69454229943127 40.1425796393471 7.91759253010839
 1.85 93.97818204589483 21.08441830573459 39.68950225711194 7.677110608245124
  1.9 95.95152838288499 21.4622204797272 39.24591324036581 7.434655727036859
 1.95 97.90292767518466 21.82785261545714 38.81158277999913 7.190324946169464
    2 99.83283725676645 22.18122326849937 38.38628830423566 6.944211700291772
 2.05 101.7417035079933 22.52224557960122 37.96981419428566 6.69640599310129
  2.1 103.6299621964579 22.85083710776649 37.56195151426974 6.446994580909955
 2.15 105.4980388046591 23.16691967226771 37.1624977546161 6.196061146303461
  2.2 107.3463488451681 23.47041920310564 36.77125658818289 5.943686462461769
 2.25 109.1752981639056 23.76126559946231 36.38803763840308 5.689948548665994
  2.3 110.9852832321117 24.03939259571931 36.0126562587915 5.43492281747778
 2.35 112.7766914275629 24.30473763463635 35.64493332319187 5.178682214041255
  2.4 114.5499013055575 24.55724174730656 35.28469502617818 4.921297347924441
 2.45 116.3052828601629 24.79684943952566 34.93177269305721 4.662836617886426
  2.5 118.0431977761931 25.02350858423007 34.58600259894973 4.403366329928513
 2.55 119.7639996723557 25.23717031967659 34.24722579645608 4.14295080896171
  2.6 121.4680343359878 25.43778895305244 33.91528795143775 3.881652504399268
 2.65 123.1556399497744 25.62532186921902 33.59003918647058 3.619532089961294
  2.7 124.8271473108222 25.79972944430682 33.27133393154742 3.356648557958715
 2.75 126.4828800424413 25.96097496389174 32.95903078162891 3.093059308305891
  2.8 128.1231547989684 26.10902454549517 32.65299236065947 2.828820232494854
 2.85 129.7482814639436 26.24384706516132 32.35308519168418 2.563985792749497
  2.9 131.3585633419393 26.36541408787619 32.05917957271787 2.298609096564806
 2.95 132.9542973443189 26.47369980160201 31.7711494580339 2.032741966824495
    3 134.5357741691888 26.56868095471104 31.48887234455401 1.766435007679976
 3.05 136.1032784757909 26.65033679661081 31.21222916303467 1.499737666364439
  3.1 137.6570890535691 26.71864902136202 30.94110417375802 1.232698291107887
 3.15 139.1974789861256 26.77360171409807 30.67538486644804 0.9653641853121037
  3.2 140.7247158102748 26.81518130006289 30.41496186414434 0.6977816581387347
 3.25 142.2390616703826 26.84337649609176 30.15972883077738 0.4299960716588274
  3.3 143.7407734681736 26.85817826436658 29.90958238220016 0.1620518847081705
 3.35 145.2301030081701 26.8595797682845 29.66442200044242 -0.106007306410405
  3.4 146.7072971389207 26.84757633028577 29.42414995096413 -0.374138730239106
 3.45 148.1725978901612 26.8221653914934 29.18867120269579 -0.6423004053548833
  3.5 149.6262426060437 26.78334647302433 28.95789335066414 -0.9104511083014014
 3.55 151.0684640745571 26.73112113883816 28.73172654101219 -1.178550344128902
  3.6 152.4994906532553 26.66549295999647 28.51008339823393 -1.446558319408277
 3.65 153.9195463913979 26.58646748021246 28.29287895445487 -1.714435917586142
  3.7 155.3288511486042 26.49405218257693 28.08003058060064 -1.982144676548101
 3.75 156.7276207101084 26.38825645735377 27.87145791930757 -2.249646768257755
  3.8 158.116066898702 26.26909157074432 27.66708281944021 -2.516904980339508
 3.85 159.4943976834392 26.1365706345267 27.46682927209261 -2.78388269947387
  3.9 160.862817285177 25.99070857648282 27.2706233479616 -3.050543896474932
 3.95 162.221526279017 25.83152211153216 27.07839313599213 -3.316853112920979
    4 163.5707216937077 25.65902971349779 26.8900686832063 -3.582775449210924
 4.05 164.9105971080685 25.47325158743661 26.70558193563892 -3.848276553921503
4.100000000000001 166.2413427444846 25.27420964247168 26.52486668031441 -4.113322614342877
 4.15 167.5631455595271 25.06192746507091 26.34785848821018 -4.377880348073619
  4.2 168.8761893317441 24.8364302927218 26.17449465816291 -4.641916995559972
 4.25 170.1806547466705 24.59774498795801 26.00471416168409 -4.905400313468707
  4.3 171.4767194791007 24.34590001269863 25.83845758866121 -5.168298568788029
4.350000000000001 172.7645582726679 24.08092540286631 25.67566709392985 -5.430580533556499
  4.4 174.0443430167741 23.80285274325518 25.51628634471069 -5.69221548012615
 4.45 175.3162428209128 23.51171514262412 25.360260468913 -5.953173176872441
  4.5 176.5804240864299 23.20754720899509 25.20753600431311 -6.213423884270725
 4.55 177.8370505757644 22.89038502513991 25.05806084862242 -6.47293835126611
4.600000000000001 179.0862834792162 22.56026612424267 24.91178421046469 -6.731687811871111
 4.65 180.3282814792852 22.2172294657278 24.76865656128629 -6.98964398193308
  4.7 181.5632008126304 21.86131541124653 24.62862958822686 -7.246779056021067
 4.75 182.7911953296968 21.49256570081696 24.49165614797956 -7.503065704389379
4.800000000000001 184.0124165520606 21.11102342911479 24.35769022167189 -7.758477069982481
4.850000000000001 185.227013727545 20.71673302191338 24.22668687079855 -8.012986765453153
  4.9 186.4351338831593 20.30974021267296 24.09860219423726 -8.26656887017262
 4.95 187.6369218759167 19.89009201927995 23.97339328637776 -8.519197927217839
    5 188.8325204415866 19.45783672093765 23.85101819639202 -8.770848940327111
5.050000000000001 190.02207024144 19.01302383520999 23.73143588867149 -9.021497370820565
5.100000000000001 191.2057099070458 18.55570409522013 23.61460620445449 -9.271119134486952
 5.15 192.3835760831794 18.08592942700547 23.50048982466268 -9.519690598442418
  5.2 193.555803468903 17.60375292703024 23.38904823396285 -9.76718857797046
 5.25 194.7225248568804 17.10922883985628 23.28024368606511 -10.01359033335523
5.300000000000001 195.8838711709871 16.60241253597206 23.17403917026522 -10.25887356672265
5.350000000000001 197.0399715022796 16.08336048977909 23.07039837923399 -10.50301641890549
  5.4 198.1909531433844 15.55213025773414 22.96928567805245 -10.74599746634957
 5.45 199.3369416213706 15.00878045664473 22.87066607448735 -10.98779571807868
  5.5 200.4780607291667 14.45337074211455 22.77450519049727 -11.22839061273606
5.550000000000001 201.614432555583 13.88596178713457 22.68076923495563 -11.46776201571934
5.600000000000001 202.7461775140006 13.30661526081466 22.58942497757354 -11.70589021642528
 5.65 203.873414369786 12.71539380724995 22.50043972400139 -11.94275592561923
  5.7 204.9962602664897 12.11236102451531 22.41378129208571 -12.1783402729425
 5.75 206.114830750886 11.49758144378082 22.32941798925432 -12.41262480456924
5.800000000000001 207.2292397969095 10.87112050854035 22.24731859100107 -12.64559148102213
5.850000000000001 208.3395998285431 10.23304455394533 22.16745232043883 -12.87722267515431
  5.9 209.4460217417093 9.5834207862351 22.08978882888813 -13.10750117030238
 5.95 210.5486149252162 8.922317262255319 22.01429817746721 -13.33641015861341
    6 211.6474872808073 8.249802869055602 21.94095081964849 -13.56393323954633
6.050000000000001 212.7427452423628 7.565947303557802 21.86971758474554 -13.79005441854608
6.100000000000001 213.8344937942975 6.870821052286324 21.80056966229444 -14.01475810588677
 6.15 214.922836489199 6.164495371152166 21.73347858729329 -14.23802911567796
  6.2 216.0078754647496 5.447042265282737 21.66841622626375 -14.45985266502652
 6.25 217.0897114599699 4.718534468889874 21.60535476409885 -14.68021437334485
6.300000000000001 218.1684438308248 3.979045425169012 21.54426669166196 -14.89910026179458
6.350000000000001 219.2441705652267 3.228649266223032 21.48512479410255 -15.11649675285369
  6.4 220.316988297472 2.467420793004939 21.42790213985521 -15.33239066999398
 6.45 221.386992322144 1.695435455274198 21.37257207028947 -15.54676923745462
  6.5 222.4542766075141 0.9127693315623054 21.31910818997898 -15.7596200800971
6.550000000000001 223.5189338084705 0.119499109143891 21.26748435756002 -15.97093122332607
6.600000000000001 224.581055279005 -0.6842979359895448 21.21767467715008 -16.18069109306056
 6.65 225.6407310842837 -1.498543959155374 21.16965349029904 -16.3888885157394
  6.7 226.6980500123278 -2.323160567006387 21.12339536844636 -16.59551271834518
 6.75 227.7530995853294 -3.158068837558668 21.07887510585903 -16.80055332843081
6.800000000000001 228.8059660706263 -4.003189340220532 21.03606771302639 -17.00400037413311
6.850000000000001 229.8567344913568 -4.858442155821511 20.9949484104891 -17.20584428415832
  6.9 230.9054886368169 -5.7237468966396 20.95549262308058 -17.40607588772492
 6.95 231.9523110725387 -6.599022726424281 20.91767597456055 -17.60468641444938
    7 232.9972831501107 -7.484188380412133 20.88147428262137 -17.8016674941618
7.050000000000001 234.0404850167574 -8.379162185331193 20.84686355424881 -17.99701115663832
7.100000000000001 235.0819956246942 -9.283862079389618 20.81381998141997 -18.19070983123867
 7.15 236.1218927402764 -10.19820563224361 20.7823199371219 -18.38275634643752
  7.2 237.1602529529572 -11.12211006493906 20.75233997167546 -18.57314392923956
 7.25 238.1971516840678 -12.0554922698208 20.72385680934961 -18.76186620446868
7.300000000000001 239.2326631954361 -12.99826883040301 20.69684734525222 -18.94891719392309
7.350000000000001 240.2668605978566 -13.95035604119391 20.67128864248409 -19.13429131538838
  7.4 241.2998158594244 -14.91166992746733 20.64715792954355 -19.31798338150218
 7.45 242.3315998137444 -15.88212626497375 20.6244325979696 -19.49998859846424
  7.5 243.36228216803 -16.86164059958281 20.60309020021212 -19.68030256458723
7.550000000000001 244.3919315110993 -17.85012826684939 20.5831084477181 -19.85892126868395
7.600000000000001 245.4206153212819 -18.84750441149476 20.56446520922347 -20.03584108828767
 7.65 246.4483999742444 -19.85368400679464 20.54713850924029 -20.21105878770308
  7.7 247.4753507507453 -20.86858187386543 20.53110652672969 -20.38457151588608
 7.75 248.5015318443282 -21.89211270084022 20.5163475939512 -20.55637680415126
7.800000000000001 249.5270063689613 -22.92419106192579 20.50284019547938 -20.72647256370677
7.850000000000001 250.5518363666319 -23.96473143633209 20.49056296737909 -20.89485708301686
  7.9 251.5760828149033 -25.01364822706552 20.47949469653095 -21.06152902499283
 7.95 252.599805634442 -26.07085577957749 20.46961432009879 -21.22648742401401
    8 253.6230636965211 -27.13626840025987 20.4609009251312 -21.38973168278054
8.050000000000001 254.6459148305075 -28.20980037477891 20.45333374828944 -21.5512615690006
  8.1 255.6684158313379 -29.29136598623936 20.44689217569426 -21.71107721191491
 8.15 256.6906224669904 -30.38087953317091 20.44155574288435 -21.86917909866179
8.200000000000001 257.7125894859567 -31.47825534732899 20.43730413487927 -22.02556807048659
 8.25 258.7343706247195 -32.58340781130213 20.43411718634008 -22.18024531879947
8.300000000000001 259.7560186152409 -33.69625137591861 20.43197488182086 -22.33321238108596
 8.35 260.7775851924647 -34.81670057744497 20.43085735610461 -22.48447113667484
  8.4 261.7991211018379 -35.94467005456954 20.43074489461724 -22.6340238023684
8.450000000000001 262.8206761068553 -37.08007456516405 20.43161793391328 -22.78187292793997
  8.5 263.8422989966284 -38.222829002817 20.43345706222745 -22.9280213915042
8.550000000000001 264.8640375934854 -39.37284841313237 20.4362430200862 -23.07247239476544
  8.6 265.8859387606021 -40.53004800978798 20.43995670097332 -23.21522945814985
 8.65 266.9080484096668 -41.69434319034745 20.44457915204445 -23.3562964158269
8.700000000000001 267.9304115085831 -42.86564955182079 20.45009157488469 -23.49567741062607
 8.75 268.9530720892115 -44.04388290596823 20.45647532630439 -23.63337688885461
8.800000000000001 269.9760732551506 -45.22895929434257 20.46371191916798 -23.7693995950222
 8.85 270.9994571895611 -46.42079500306563 20.47178302325088 -23.90375056647851
  8.9 272.023265163034 -47.61930657733444 20.48067046611976 -24.03643512796947
8.950000000000001 273.0475375415018 -48.82441083565342 20.49035623403178 -24.16745888611834
    9 274.0723137941964 -50.03602488378878 20.50082247284796 -24.2968277238373
9.050000000000001 275.0976325016518 -51.25406612844198 20.512051488957 -24.42454779467551
  9.1 276.1235313637542 -52.47845229063899 20.52402575020488 -24.55062551710952
 9.15 277.1500472078378 -53.70910141883285 20.53672788682677 -24.67506756878159
9.200000000000001 278.1772159968278 -54.94593190171698 20.5501406923772 -24.79788088069186
 9.25 279.2050728374293 -56.18886248074696 20.56424712465502 -24.91907263134968
9.300000000000001 280.2336519883625 -57.43781226236908 20.57903030661959 -25.03865024088988
 9.35 281.2629868686437 -58.69270072995383 20.59447352729505 -25.15662136515918
  9.4 282.2931100659103 -59.95344775543318 20.61056024265934 -25.27299388977823
9.450000000000001 283.3240533447908 -61.21997361064044 20.62727407651521 -25.3877759241843
  9.5 284.3558476553172 -62.49219897835176 20.64459882134023 -25.50097579565982
9.550000000000001 285.3885231413794 -63.770044963029 20.66251843911317 -25.61260204335171
9.600000000000001 286.4221091492207 -65.05343310126328 20.68101706211429 -25.72266341228627
 9.65 287.4566342359717 -66.34228537191933 20.70007899369703 -25.83116884738441
9.700000000000001 288.4921261782237 -67.63652420598065 20.71968870902907 -25.93812748748174
 9.75 289.5286119806358 -68.93607249609607 20.73983085580047 -26.04354865935798
9.800000000000001 290.5661178845793 -70.24085360582778 20.7604902548971 -26.14744187177993
9.850000000000001 291.6046693768127 -71.55079137860226 20.78165190103749 -26.24981680956224
  9.9 292.644291198189 -72.86581014636455 20.80330096337144 -26.35068332764996
9.950000000000001 293.6850073523912 -74.18583473793744 20.82542278603887 -26.45005144522672
   10 294.7268411146948 -75.51079048708665 20.84800288868754 -26.54793133985227
10.05 295.7698150407554 -76.84060324029377 20.87102696694825 -26.64433334163306
 10.1 296.8139509754191 -78.17519936423861 20.89448089286653 -26.73926792742917
10.15 297.8592700615521 -79.51450575299283 20.91835071528963 -26.83274571510102
 10.2 298.9057927488909 -80.85844983492716 20.94262266020806 -26.92477745779893
10.25 299.9535388029062 -82.20695957933391 20.96728313105071 -27.01537403829868
 10.3 301.0025273136812 -83.55996350276773 20.99231870893298 -27.10454646338579
10.35 302.0527767048013 -84.91739067510676 21.01771615285731 -27.19230585829142
 10.4 303.1043047422527 -86.27917072533695 21.04346239986556 -27.27866346118246
10.45 304.1571285433266 -87.64523384706226 21.06954456514298 -27.36363061770825
 10.5 305.2112645855287 -89.01551080374361 21.09594994207334 -27.4472187756063
10.55 306.266728715489 -90.38993293366985 21.12266600224522 -27.52943947936934
 10.6 307.3235361578709 -91.76843215466337 21.14968039540907 -27.61030436497557
10.65 308.3817015242779 -93.15094096852408 21.17698094938532 -27.68982515468428
 10.7 309.4412388221534 -94.53739246521467 21.20455566992342 -27.76801365189862
10.75 310.5021614636725 -95.92772032679088 21.23239274051192 -27.84488173609722
 10.8 311.5644822746236 -97.32185883107999 21.26048052213996 -27.92044135783628
10.85 312.6282135032758 -98.71974285511128 21.28880755301029 -27.99470453382359
 10.9 313.693366829232 -100.1213078783019 21.31736254820429 -28.06768334206598
10.95 314.7599533722635 -101.5264899854022 21.34613439929926 -28.13938991709134
   11 315.8279837011234 -102.9352258692037 21.37511217393862 -28.2098364452464
11.05 316.8974678423396 -104.3474528330144 21.40428511535539 -28.27903516007136
 11.1 317.9684152889799 -105.763108792904 21.43364264184963 -28.34699833775232
11.15 319.0408350093926 -107.1821322797245 21.46317434622045 -28.41373829265238
 11.2 320.1147354559152 -108.604462440909 21.49286999515319 -28.47926737292211
11.25 321.1901245735534 -110.0300390420527 21.52271952856264 -28.54359795619012
 11.3 322.2670098086248 -111.458802468281 21.55271305889293 -28.60674244533431
11.35 323.3453981173669 -112.8906937254077 21.58284087037494 -28.66871326433427
 11.4 324.4252959745075 -114.3256544408884 21.61309341824202 -28.72952285420524
11.45 325.5067093817937 -115.7636268645721 21.64346132790506 -28.78918366901395
 11.5 326.5896438764798 -117.2045538692561 21.6739353940875 -28.84770817197662
11.55 327.6741045397703 -118.6483789510473 21.7045065799215 -28.90510883163925
 11.6 328.760096005217 -120.0950462295352 21.73516601600605 -28.96139811814038
11.65 329.8476224670679 -121.5445004477798 21.76590499942808 -29.01658849955619
 11.7 330.9366876885667 -122.9966869721186 21.79671499274741 -29.0706924383281
11.75 332.0272950102 -124.4515517917975 21.82758762294679 -29.12372238777261
 11.8 333.1194473578914 -125.9090415184289 21.85851468034783 -29.17569078867333
11.85 334.213147251141 -127.3691033852818 21.88948811749396 -29.22661006595481
 11.9 335.308396811108 -128.8316852464069 21.92050004800146 -29.27649262543816
11.95 336.4051977686343 -130.2967355756024 21.9515427453796 -29.3253508506778
   12 337.5035514722097 -131.7642034652232 21.98260864182096 -29.37319709987921
12.05 338.6034588958748 -133.234038624838 22.01369032696298 -29.42004370289707
 12.1 339.704920647062 -134.7061913797385 22.04478054662188 -29.46590295831345
12.15 340.807936974372 -136.1806126693043 22.07587220149988 -29.51078713059537
 12.2 341.9125077752854 -137.6572540452277 22.10695834586702 -29.55470844733129
12.25 343.0186326038079 -139.1360676696022 22.13803218621837 -29.5976790965458
 12.3 344.1263106780466 -140.6170063128793 22.16908707990799 -29.63971122409191
12.35 345.2355408877191 -142.1000233516957 22.20011653376046 -29.68081693112031
 12.4 346.346321801592 -143.5850727665768 22.23111420266127 -29.72100827162472
12.45 347.4586516748474 -145.0721091395192 22.26207388812688 -29.76029725006278
 12.5 348.5725284563792 -146.5610876514557 22.29298953685575 -29.79869581905147
12.55 349.6879497960152 -148.0519640796072 22.32385523926115 -29.83621587713645
 12.6 350.8049130516658 -149.5446947947253 22.35466522798698 -29.87286926663431
12.65 351.9234152963981 -151.0392367582278 22.38541387640748 -29.90866777154703
 12.7 353.0434533254348 -152.5355475192328 22.4160956971119 -29.94362311554755
12.75 354.1650236630764 -154.0335852114931 22.44670534037512 -29.97774696003579
 12.8 355.2881225695472 -155.5333085502354 22.47723759261521 -30.01105090226397
12.85 356.4127460477638 -157.0346768289078 22.50768737483887 -30.04354647353043
 12.9 357.538889850025 -158.5376499158378 22.53804974107573 -30.07524513744088
12.95 358.6665494846242 -160.0421882508061 22.56831987680247 -30.10615828823622
   13 359.7957202223814 -161.5482528415376 22.59849309735767 -30.13629724918581
13.05 360.9263971030969 -163.0558052601143 22.62856484634822 -30.16567327104525
 13.1 362.0585749419251 -164.564807639312 22.65853069404837 -30.1942975305777
13.15 363.1922483356672 -166.0752226688652 22.68838633579208 -30.22218112913762
 13.2 364.3274116689839 -167.5870135916628 22.71812759035971 -30.24933509131597
13.25 365.4640591205271 -169.1001441998768 22.74775039835978 -30.27577036364575
 13.3 366.6021846689914 -170.6145788310286 22.77725082060663 -30.30149781336701
13.35 367.7417820990834 -172.1302823639949 22.8066250364949 -30.32652822724999
 13.4 368.8828450074099 -173.6472202149553 22.83586934237143 -30.35087231047568
13.45 370.025366808285 -175.1653583332869 22.86498014990553 -30.37454068557241
 13.5 371.1693407394552 -176.6846631974053 22.89395398445824 -30.3975438914077
13.55 372.3147598677435 -178.2051018105583 22.92278748345137 -30.41989238223415
 13.6 373.4616170946115 -179.7266416965722 22.95147739473705 -30.44159652678822
13.65 374.6099051616401 -181.249250895554 22.98002057496845 -30.46266660744121
 13.7 375.7596166559292 -182.7728979595536 23.00841398797231 -30.48311281940089
13.75 376.9107440154154 -184.2975519481867 23.03665470312402 -30.50294526996319
 13.8 378.063279534109 -185.823182424221 23.06473989372587 -30.52217397781252
13.85 379.2172153672499 -187.3497594491296 23.09266683538898 -30.54080887236996
 13.9 380.3725435363824 -188.8772535786125 23.1204329044196 -30.55885979318818
13.95 381.5292559343504 -190.4056358580887 23.14803557621048 -30.5763364893919
   14 382.6873443302108 -191.934877818162 23.17547242363755 -30.59324861916315
14.05 383.8468003740684 -193.4649514700616 23.20274111546278 -30.60960574927016
 14.1 385.0076156018299 -194.9958293010612 23.22983941474356 -30.62541735463871
14.15 386.1697814398793 -196.5274842698762 23.25676517724914 -30.64069281796532
 14.2 387.3332892096739 -198.059889802044 23.28351634988465 -30.65544142937084
14.25 388.4981301322622 -199.5930197852871 23.31009096912314 -30.66967238609383
 14.3 389.6642953327229 -201.1268485648621 23.33648715944612 -30.68339479222248
14.35 390.8317758445267 -202.6613509388966 23.36270313179302 -30.69661765846424
 14.4 392.0005626138206 -204.1965021537148 23.38873718201995 -30.70934990195216
