argc = 5
argv [ 0] = ./pendulum
argv [ 1] = 0.01
argv [ 2] = euler_0p01.out
argv [ 3] = euler_0p01.dat
argv [ 4] = 0
dt = 0.01
Algorithm choice set to 0
pie = 3.141592653589793
Using Euler stepping algorithm
Step 1000 Percentage Deviation in Energy    66.79426289823897 (%)
 
argc = 5
argv [ 0] = ./pendulum
argv [ 1] = 0.005
argv [ 2] = euler_0p005.out
argv [ 3] = euler_0p005.dat
argv [ 4] = 0
dt = 0.005
Algorithm choice set to 0
pie = 3.141592653589793
Using Euler stepping algorithm
Step 1000 Percentage Deviation in Energy    14.59219341009683 (%)
Step 2000 Percentage Deviation in Energy    30.51716721834609 (%)
 
argc = 5
argv [ 0] = ./pendulum
argv [ 1] = 0.01
argv [ 2] = rk2_0p01.out
argv [ 3] = rk2_0p01.dat
argv [ 4] = 1
dt = 0.01
Algorithm choice set to 1
pie = 3.141592653589793
Using RK2 stepping algorithm
Step 1000 Percentage Deviation in Energy 0.008584199214190796 (%)
 
argc = 5
argv [ 0] = ./pendulum
argv [ 1] = 0.005
argv [ 2] = rk2_0p005.out
argv [ 3] = rk2_0p005.dat
argv [ 4] = 1
dt = 0.005
Algorithm choice set to 1
pie = 3.141592653589793
Using RK2 stepping algorithm
Step 1000 Percentage Deviation in Energy 0.0005090078695470613 (%)
Step 2000 Percentage Deviation in Energy 0.001217459548571008 (%)
 
argc = 5
argv [ 0] = ./pendulum
argv [ 1] = 0.01
argv [ 2] = rk4_0p01.out
argv [ 3] = rk4_0p01.dat
argv [ 4] = 2
dt = 0.01
Algorithm choice set to 2
pie = 3.141592653589793
Using RK4 stepping algorithm
Step 1000 Percentage Deviation in Energy -2.527558530201821e-07 (%)
 
argc = 5
argv [ 0] = ./pendulum
argv [ 1] = 0.005
argv [ 2] = rk4_0p005.out
argv [ 3] = rk4_0p005.dat
argv [ 4] = 2
dt = 0.005
Algorithm choice set to 2
pie = 3.141592653589793
Using RK4 stepping algorithm
Step 1000 Percentage Deviation in Energy -9.241630755109863e-09 (%)
Step 2000 Percentage Deviation in Energy -7.193442428726163e-09 (%)
 
